2024-11-12 18:07:52,665:INFO:Total de ações lidas: 100
2024-11-12 18:07:52,665:INFO:Iniciando coleta para ALOS3...
2024-11-12 18:07:52,829:INFO:Dados coletados com sucesso para a ação ALOS3.
2024-11-12 18:07:53,831:INFO:Iniciando coleta para ALPA4...
2024-11-12 18:07:53,950:INFO:Dados coletados com sucesso para a ação ALPA4.
2024-11-12 18:07:54,950:INFO:Iniciando coleta para ABEV3...
2024-11-12 18:07:55,089:INFO:Dados coletados com sucesso para a ação ABEV3.
2024-11-12 18:07:56,090:INFO:Iniciando coleta para AMBP3...
2024-11-12 18:07:56,210:INFO:Dados coletados com sucesso para a ação AMBP3.
2024-11-12 18:07:57,210:INFO:Iniciando coleta para ASAI3...
2024-11-12 18:07:57,341:INFO:Dados coletados com sucesso para a ação ASAI3.
2024-11-12 18:07:58,342:INFO:Iniciando coleta para AURE3...
2024-11-12 18:07:58,462:INFO:Dados coletados com sucesso para a ação AURE3.
2024-11-12 18:07:59,462:INFO:Iniciando coleta para AZUL4...
2024-11-12 18:07:59,585:INFO:Dados coletados com sucesso para a ação AZUL4.
2024-11-12 18:08:00,585:INFO:Iniciando coleta para AZZA3...
2024-11-12 18:08:00,769:INFO:Dados coletados com sucesso para a ação AZZA3.
2024-11-12 18:08:01,771:INFO:Iniciando coleta para B3SA3...
2024-11-12 18:08:01,924:INFO:Dados coletados com sucesso para a ação B3SA3.
2024-11-12 18:08:02,924:INFO:Iniciando coleta para BBSE3...
2024-11-12 18:08:03,074:INFO:Dados coletados com sucesso para a ação BBSE3.
2024-11-12 18:08:04,074:INFO:Iniciando coleta para BBDC3...
2024-11-12 18:08:04,211:INFO:Dados coletados com sucesso para a ação BBDC3.
2024-11-12 18:08:05,212:INFO:Iniciando coleta para BBDC4...
2024-11-12 18:08:05,340:INFO:Dados coletados com sucesso para a ação BBDC4.
2024-11-12 18:08:06,341:INFO:Iniciando coleta para BRAP4...
2024-11-12 18:08:06,482:INFO:Dados coletados com sucesso para a ação BRAP4.
2024-11-12 18:08:07,482:INFO:Iniciando coleta para BBAS3...
2024-11-12 18:08:07,613:INFO:Dados coletados com sucesso para a ação BBAS3.
2024-11-12 18:08:08,614:INFO:Iniciando coleta para BRKM5...
2024-11-12 18:08:08,772:INFO:Dados coletados com sucesso para a ação BRKM5.
2024-11-12 18:08:09,773:INFO:Iniciando coleta para BRAV3...
2024-11-12 18:08:09,897:INFO:Dados coletados com sucesso para a ação BRAV3.
2024-11-12 18:08:10,897:INFO:Iniciando coleta para BRFS3...
2024-11-12 18:08:11,050:INFO:Dados coletados com sucesso para a ação BRFS3.
2024-11-12 18:08:12,051:INFO:Iniciando coleta para BPAC11...
2024-11-12 18:08:12,196:INFO:Dados coletados com sucesso para a ação BPAC11.
2024-11-12 18:08:13,198:INFO:Iniciando coleta para CXSE3...
2024-11-12 18:08:13,304:INFO:Dados coletados com sucesso para a ação CXSE3.
2024-11-12 18:08:14,306:INFO:Iniciando coleta para CRFB3...
2024-11-12 18:08:14,420:INFO:Dados coletados com sucesso para a ação CRFB3.
2024-11-12 18:08:15,421:INFO:Iniciando coleta para CCRO3...
2024-11-12 18:08:15,550:INFO:Dados coletados com sucesso para a ação CCRO3.
2024-11-12 18:08:16,550:INFO:Iniciando coleta para CMIG4...
2024-11-12 18:08:16,668:INFO:Dados coletados com sucesso para a ação CMIG4.
2024-11-12 18:08:17,668:INFO:Iniciando coleta para COGN3...
2024-11-12 18:08:17,793:INFO:Dados coletados com sucesso para a ação COGN3.
2024-11-12 18:08:18,794:INFO:Iniciando coleta para CSMG3...
2024-11-12 18:08:18,917:INFO:Dados coletados com sucesso para a ação CSMG3.
2024-11-12 18:08:19,918:INFO:Iniciando coleta para CPLE3...
2024-11-12 18:08:20,046:INFO:Dados coletados com sucesso para a ação CPLE3.
2024-11-12 18:08:21,046:INFO:Iniciando coleta para CPLE6...
2024-11-12 18:08:21,157:INFO:Dados coletados com sucesso para a ação CPLE6.
2024-11-12 18:08:22,158:INFO:Iniciando coleta para CSAN3...
2024-11-12 18:08:22,314:INFO:Dados coletados com sucesso para a ação CSAN3.
2024-11-12 18:08:23,315:INFO:Iniciando coleta para CPFE3...
2024-11-12 18:08:23,525:INFO:Dados coletados com sucesso para a ação CPFE3.
2024-11-12 18:08:24,525:INFO:Iniciando coleta para CMIN3...
2024-11-12 18:08:24,634:INFO:Dados coletados com sucesso para a ação CMIN3.
2024-11-12 18:08:25,635:INFO:Iniciando coleta para CURY3...
2024-11-12 18:08:25,788:INFO:Dados coletados com sucesso para a ação CURY3.
2024-11-12 18:08:26,789:INFO:Iniciando coleta para CVCB3...
2024-11-12 18:08:26,902:INFO:Dados coletados com sucesso para a ação CVCB3.
2024-11-12 18:08:27,903:INFO:Iniciando coleta para CYRE3...
2024-11-12 18:08:28,022:INFO:Dados coletados com sucesso para a ação CYRE3.
2024-11-12 18:08:29,024:INFO:Iniciando coleta para DXCO3...
2024-11-12 18:08:29,153:INFO:Dados coletados com sucesso para a ação DXCO3.
2024-11-12 18:08:30,154:INFO:Iniciando coleta para DIRR3...
2024-11-12 18:08:30,281:INFO:Dados coletados com sucesso para a ação DIRR3.
2024-11-12 18:08:31,282:INFO:Iniciando coleta para ECOR3...
2024-11-12 18:08:31,397:INFO:Dados coletados com sucesso para a ação ECOR3.
2024-11-12 18:08:32,397:INFO:Iniciando coleta para ELET3...
2024-11-12 18:08:32,514:INFO:Dados coletados com sucesso para a ação ELET3.
2024-11-12 18:08:33,514:INFO:Iniciando coleta para ELET6...
2024-11-12 18:08:33,633:INFO:Dados coletados com sucesso para a ação ELET6.
2024-11-12 18:08:34,633:INFO:Iniciando coleta para EMBR3...
2024-11-12 18:08:34,806:INFO:Dados coletados com sucesso para a ação EMBR3.
2024-11-12 18:08:35,807:INFO:Iniciando coleta para ENGI11...
2024-11-12 18:08:35,920:INFO:Dados coletados com sucesso para a ação ENGI11.
2024-11-12 18:08:36,921:INFO:Iniciando coleta para ENEV3...
2024-11-12 18:08:37,031:INFO:Dados coletados com sucesso para a ação ENEV3.
2024-11-12 18:08:38,032:INFO:Iniciando coleta para EGIE3...
2024-11-12 18:08:38,179:INFO:Dados coletados com sucesso para a ação EGIE3.
2024-11-12 18:08:39,179:INFO:Iniciando coleta para EQTL3...
2024-11-12 18:08:39,329:INFO:Dados coletados com sucesso para a ação EQTL3.
2024-11-12 18:08:40,329:INFO:Iniciando coleta para EZTC3...
2024-11-12 18:08:40,464:INFO:Dados coletados com sucesso para a ação EZTC3.
2024-11-12 18:08:41,465:INFO:Iniciando coleta para FLRY3...
2024-11-12 18:08:41,607:INFO:Dados coletados com sucesso para a ação FLRY3.
2024-11-12 18:08:42,608:INFO:Iniciando coleta para GGBR4...
2024-11-12 18:08:42,731:INFO:Dados coletados com sucesso para a ação GGBR4.
2024-11-12 18:08:43,732:INFO:Iniciando coleta para GOAU4...
2024-11-12 18:08:43,849:INFO:Dados coletados com sucesso para a ação GOAU4.
2024-11-12 18:08:44,850:INFO:Iniciando coleta para GGPS3...
2024-11-12 18:08:45,011:INFO:Dados coletados com sucesso para a ação GGPS3.
2024-11-12 18:08:46,012:INFO:Iniciando coleta para GMAT3...
2024-11-12 18:08:46,160:INFO:Dados coletados com sucesso para a ação GMAT3.
2024-11-12 18:08:47,161:INFO:Iniciando coleta para NTCO3...
2024-11-12 18:08:47,290:INFO:Dados coletados com sucesso para a ação NTCO3.
2024-11-12 18:08:48,291:INFO:Iniciando coleta para HAPV3...
2024-11-12 18:08:48,421:INFO:Dados coletados com sucesso para a ação HAPV3.
2024-11-12 18:08:49,423:INFO:Iniciando coleta para HYPE3...
2024-11-12 18:08:49,537:INFO:Dados coletados com sucesso para a ação HYPE3.
2024-11-12 18:08:50,539:INFO:Iniciando coleta para IGTI11...
2024-11-12 18:08:50,670:INFO:Dados coletados com sucesso para a ação IGTI11.
2024-11-12 18:08:51,671:INFO:Iniciando coleta para IRBR3...
2024-11-12 18:08:51,787:INFO:Dados coletados com sucesso para a ação IRBR3.
2024-11-12 18:08:52,788:INFO:Iniciando coleta para ITSA4...
2024-11-12 18:08:52,904:INFO:Dados coletados com sucesso para a ação ITSA4.
2024-11-12 18:08:53,905:INFO:Iniciando coleta para ITUB4...
2024-11-12 18:08:54,018:INFO:Dados coletados com sucesso para a ação ITUB4.
2024-11-12 18:08:55,020:INFO:Iniciando coleta para JBSS3...
2024-11-12 18:08:55,161:INFO:Dados coletados com sucesso para a ação JBSS3.
2024-11-12 18:08:56,163:INFO:Iniciando coleta para KLBN11...
2024-11-12 18:08:56,329:INFO:Dados coletados com sucesso para a ação KLBN11.
2024-11-12 18:08:57,330:INFO:Iniciando coleta para RENT3...
2024-11-12 18:08:57,500:INFO:Dados coletados com sucesso para a ação RENT3.
2024-11-12 18:08:58,500:INFO:Iniciando coleta para LREN3...
2024-11-12 18:08:58,625:INFO:Dados coletados com sucesso para a ação LREN3.
2024-11-12 18:08:59,625:INFO:Iniciando coleta para LWSA3...
2024-11-12 18:08:59,739:INFO:Dados coletados com sucesso para a ação LWSA3.
2024-11-12 18:09:00,740:INFO:Iniciando coleta para MGLU3...
2024-11-12 18:09:00,877:INFO:Dados coletados com sucesso para a ação MGLU3.
2024-11-12 18:09:01,879:INFO:Iniciando coleta para POMO4...
2024-11-12 18:09:02,009:INFO:Dados coletados com sucesso para a ação POMO4.
2024-11-12 18:09:03,010:INFO:Iniciando coleta para MRFG3...
2024-11-12 18:09:03,162:INFO:Dados coletados com sucesso para a ação MRFG3.
2024-11-12 18:09:04,164:INFO:Iniciando coleta para BEEF3...
2024-11-12 18:09:04,290:INFO:Dados coletados com sucesso para a ação BEEF3.
2024-11-12 18:09:05,290:INFO:Iniciando coleta para MOVI3...
2024-11-12 18:09:05,416:INFO:Dados coletados com sucesso para a ação MOVI3.
2024-11-12 18:09:06,417:INFO:Iniciando coleta para MRVE3...
2024-11-12 18:09:06,532:INFO:Dados coletados com sucesso para a ação MRVE3.
2024-11-12 18:09:07,532:INFO:Iniciando coleta para MULT3...
2024-11-12 18:09:07,700:INFO:Dados coletados com sucesso para a ação MULT3.
2024-11-12 18:09:08,701:INFO:Iniciando coleta para PCAR3...
2024-11-12 18:09:08,870:INFO:Dados coletados com sucesso para a ação PCAR3.
2024-11-12 18:09:09,871:INFO:Iniciando coleta para PETR3...
2024-11-12 18:09:09,994:INFO:Dados coletados com sucesso para a ação PETR3.
2024-11-12 18:09:10,995:INFO:Iniciando coleta para PETR4...
2024-11-12 18:09:11,111:INFO:Dados coletados com sucesso para a ação PETR4.
2024-11-12 18:09:12,112:INFO:Iniciando coleta para RECV3...
2024-11-12 18:09:12,218:INFO:Dados coletados com sucesso para a ação RECV3.
2024-11-12 18:09:13,218:INFO:Iniciando coleta para PRIO3...
2024-11-12 18:09:13,331:INFO:Dados coletados com sucesso para a ação PRIO3.
2024-11-12 18:09:14,333:INFO:Iniciando coleta para PETZ3...
2024-11-12 18:09:14,477:INFO:Dados coletados com sucesso para a ação PETZ3.
2024-11-12 18:09:15,477:INFO:Iniciando coleta para PSSA3...
2024-11-12 18:09:15,604:INFO:Dados coletados com sucesso para a ação PSSA3.
2024-11-12 18:09:16,604:INFO:Iniciando coleta para RADL3...
2024-11-12 18:09:16,738:INFO:Dados coletados com sucesso para a ação RADL3.
2024-11-12 18:09:17,739:INFO:Iniciando coleta para RAIZ4...
2024-11-12 18:09:17,862:INFO:Dados coletados com sucesso para a ação RAIZ4.
2024-11-12 18:09:18,863:INFO:Iniciando coleta para RDOR3...
2024-11-12 18:09:18,991:INFO:Dados coletados com sucesso para a ação RDOR3.
2024-11-12 18:09:19,992:INFO:Iniciando coleta para RAIL3...
2024-11-12 18:09:20,126:INFO:Dados coletados com sucesso para a ação RAIL3.
2024-11-12 18:09:21,127:INFO:Iniciando coleta para SBSP3...
2024-11-12 18:09:21,242:INFO:Dados coletados com sucesso para a ação SBSP3.
2024-11-12 18:09:22,243:INFO:Iniciando coleta para SANB11...
2024-11-12 18:09:22,354:INFO:Dados coletados com sucesso para a ação SANB11.
2024-11-12 18:09:23,355:INFO:Iniciando coleta para STBP3...
2024-11-12 18:09:23,495:INFO:Dados coletados com sucesso para a ação STBP3.
2024-11-12 18:09:24,495:INFO:Iniciando coleta para SMTO3...
2024-11-12 18:09:24,606:INFO:Dados coletados com sucesso para a ação SMTO3.
2024-11-12 18:09:25,607:INFO:Iniciando coleta para CSNA3...
2024-11-12 18:09:25,719:INFO:Dados coletados com sucesso para a ação CSNA3.
2024-11-12 18:09:26,720:INFO:Iniciando coleta para SLCE3...
2024-11-12 18:09:26,871:INFO:Dados coletados com sucesso para a ação SLCE3.
2024-11-12 18:09:27,872:INFO:Iniciando coleta para SMFT3...
2024-11-12 18:09:28,002:INFO:Dados coletados com sucesso para a ação SMFT3.
2024-11-12 18:09:29,002:INFO:Iniciando coleta para SUZB3...
2024-11-12 18:09:29,115:INFO:Dados coletados com sucesso para a ação SUZB3.
2024-11-12 18:09:30,115:INFO:Iniciando coleta para TAEE11...
2024-11-12 18:09:30,236:INFO:Dados coletados com sucesso para a ação TAEE11.
2024-11-12 18:09:31,237:INFO:Iniciando coleta para VIVT3...
2024-11-12 18:09:31,355:INFO:Dados coletados com sucesso para a ação VIVT3.
2024-11-12 18:09:32,356:INFO:Iniciando coleta para TEND3...
2024-11-12 18:09:32,505:INFO:Dados coletados com sucesso para a ação TEND3.
2024-11-12 18:09:33,506:INFO:Iniciando coleta para TIMS3...
2024-11-12 18:09:33,602:INFO:Nem todos os dados foram encontrados para a ação TIMS3. Dados encontrados: {'P/L': 25.1, 'Rendimento_12m': 1.55, 'Dividend_Yield': 5.8, 'ROE': None}
2024-11-12 18:09:33,602:INFO:Dados coletados com sucesso para a ação TIMS3.
2024-11-12 18:09:34,604:INFO:Iniciando coleta para TOTS3...
2024-11-12 18:09:34,731:INFO:Dados coletados com sucesso para a ação TOTS3.
2024-11-12 18:09:35,731:INFO:Iniciando coleta para TRPL4...
2024-11-12 18:09:35,875:INFO:Dados coletados com sucesso para a ação TRPL4.
2024-11-12 18:09:36,876:INFO:Iniciando coleta para UGPA3...
2024-11-12 18:09:36,984:INFO:Dados coletados com sucesso para a ação UGPA3.
2024-11-12 18:09:37,984:INFO:Iniciando coleta para USIM5...
2024-11-12 18:09:38,107:INFO:Dados coletados com sucesso para a ação USIM5.
2024-11-12 18:09:39,107:INFO:Iniciando coleta para VALE3...
2024-11-12 18:09:39,224:INFO:Dados coletados com sucesso para a ação VALE3.
2024-11-12 18:09:40,225:INFO:Iniciando coleta para VAMO3...
2024-11-12 18:09:40,393:INFO:Dados coletados com sucesso para a ação VAMO3.
2024-11-12 18:09:41,394:INFO:Iniciando coleta para VBBR3...
2024-11-12 18:09:41,522:INFO:Dados coletados com sucesso para a ação VBBR3.
2024-11-12 18:09:42,522:INFO:Iniciando coleta para VIVA3...
2024-11-12 18:09:42,643:INFO:Dados coletados com sucesso para a ação VIVA3.
2024-11-12 18:09:43,644:INFO:Iniciando coleta para WEGE3...
2024-11-12 18:09:43,766:INFO:Dados coletados com sucesso para a ação WEGE3.
2024-11-12 18:09:44,767:INFO:Iniciando coleta para YDUQ3...
2024-11-12 18:09:44,873:INFO:Dados coletados com sucesso para a ação YDUQ3.
2024-11-12 18:09:45,897:INFO:Dados exportados para 'dados_fundamentus.csv'.
